# Logfile created on 2014-05-04 16:40:57 +0430 by logger.rb/44203
I, [2014-05-04T16:40:57.448909 #25015]  INFO -- : 0:  rake (10.3.1) from /home/lxsameer/.rbenv/versions/2.1.0/lib/ruby/gems/2.1.0/specifications/rake-10.3.1.gemspec
I, [2014-05-04T16:40:57.449468 #25015]  INFO -- : 0:  blankslate (2.1.2.4) from /home/lxsameer/.rbenv/versions/2.1.0/lib/ruby/gems/2.1.0/specifications/blankslate-2.1.2.4.gemspec
I, [2014-05-04T16:41:03.246138 #25015]  INFO -- : 0:  chunky_png (1.3.1) from /home/lxsameer/.rbenv/versions/2.1.0/lib/ruby/gems/2.1.0/specifications/chunky_png-1.3.1.gemspec
I, [2014-05-04T16:41:03.247005 #25015]  INFO -- : 0:  fast-stemmer (1.0.2) from /home/lxsameer/.rbenv/versions/2.1.0/lib/ruby/gems/2.1.0/specifications/fast-stemmer-1.0.2.gemspec
I, [2014-05-04T16:41:03.247559 #25015]  INFO -- : 0:  classifier (1.3.4) from /home/lxsameer/.rbenv/versions/2.1.0/lib/ruby/gems/2.1.0/specifications/classifier-1.3.4.gemspec
I, [2014-05-04T16:41:03.248132 #25015]  INFO -- : 0:  coderay (1.1.0) from /home/lxsameer/.rbenv/versions/2.1.0/lib/ruby/gems/2.1.0/specifications/coderay-1.1.0.gemspec
I, [2014-05-04T16:41:03.248694 #25015]  INFO -- : 0:  colorator (0.1) from /home/lxsameer/.rbenv/versions/2.1.0/lib/ruby/gems/2.1.0/specifications/colorator-0.1.gemspec
I, [2014-05-04T16:41:03.249255 #25015]  INFO -- : 0:  highline (1.6.21) from /home/lxsameer/.rbenv/versions/2.1.0/lib/ruby/gems/2.1.0/specifications/highline-1.6.21.gemspec
I, [2014-05-04T16:41:03.249919 #25015]  INFO -- : 0:  commander (4.1.6) from /home/lxsameer/.rbenv/versions/2.1.0/lib/ruby/gems/2.1.0/specifications/commander-4.1.6.gemspec
I, [2014-05-04T16:41:03.250511 #25015]  INFO -- : 0:  fssm (0.2.10) from /home/lxsameer/.rbenv/versions/2.1.0/lib/ruby/gems/2.1.0/specifications/fssm-0.2.10.gemspec
I, [2014-05-04T16:41:03.251100 #25015]  INFO -- : 0:  sass (3.2.19) from /home/lxsameer/.rbenv/versions/2.1.0/lib/ruby/gems/2.1.0/specifications/sass-3.2.19.gemspec
I, [2014-05-04T16:41:03.251658 #25015]  INFO -- : 0:  compass (0.12.6) from /home/lxsameer/.rbenv/versions/2.1.0/lib/ruby/gems/2.1.0/specifications/compass-0.12.6.gemspec
I, [2014-05-04T16:41:03.252013 #25015]  INFO -- : 0:  eventmachine (1.0.3) from /home/lxsameer/.rbenv/versions/2.1.0/lib/ruby/gems/2.1.0/specifications/eventmachine-1.0.3.gemspec
I, [2014-05-04T16:41:03.252367 #25015]  INFO -- : 0:  http_parser.rb (0.6.0) from /home/lxsameer/.rbenv/versions/2.1.0/lib/ruby/gems/2.1.0/specifications/http_parser.rb-0.6.0.gemspec
I, [2014-05-04T16:41:03.252762 #25015]  INFO -- : 0:  em-websocket (0.5.1) from /home/lxsameer/.rbenv/versions/2.1.0/lib/ruby/gems/2.1.0/specifications/em-websocket-0.5.1.gemspec
I, [2014-05-04T16:41:03.253123 #25015]  INFO -- : 0:  ffi (1.9.3) from /home/lxsameer/.rbenv/versions/2.1.0/lib/ruby/gems/2.1.0/specifications/ffi-1.9.3.gemspec
I, [2014-05-04T16:41:03.253521 #25015]  INFO -- : 0:  formatador (0.2.4) from /home/lxsameer/.rbenv/versions/2.1.0/lib/ruby/gems/2.1.0/specifications/formatador-0.2.4.gemspec
I, [2014-05-04T16:41:03.253891 #25015]  INFO -- : 0:  thor (0.19.1) from /home/lxsameer/.rbenv/versions/2.1.0/lib/ruby/gems/2.1.0/specifications/thor-0.19.1.gemspec
I, [2014-05-04T16:41:05.499117 #25015]  INFO -- : 0:  foundation (1.0.4) from /home/lxsameer/.rbenv/versions/2.1.0/lib/ruby/gems/2.1.0/specifications/foundation-1.0.4.gemspec
I, [2014-05-04T16:41:05.499721 #25015]  INFO -- : 0:  rb-fsevent (0.9.4) from /home/lxsameer/.rbenv/versions/2.1.0/lib/ruby/gems/2.1.0/specifications/rb-fsevent-0.9.4.gemspec
I, [2014-05-04T16:41:05.500091 #25015]  INFO -- : 0:  rb-inotify (0.9.4) from /home/lxsameer/.rbenv/versions/2.1.0/lib/ruby/gems/2.1.0/specifications/rb-inotify-0.9.4.gemspec
I, [2014-05-04T16:41:05.500435 #25015]  INFO -- : 0:  rb-kqueue (0.2.2) from /home/lxsameer/.rbenv/versions/2.1.0/lib/ruby/gems/2.1.0/specifications/rb-kqueue-0.2.2.gemspec
I, [2014-05-04T16:41:05.500878 #25015]  INFO -- : 0:  listen (1.3.1) from /home/lxsameer/.rbenv/versions/2.1.0/lib/ruby/gems/2.1.0/specifications/listen-1.3.1.gemspec
I, [2014-05-04T16:41:05.501229 #25015]  INFO -- : 0:  lumberjack (1.0.5) from /home/lxsameer/.rbenv/versions/2.1.0/lib/ruby/gems/2.1.0/specifications/lumberjack-1.0.5.gemspec
I, [2014-05-04T16:41:05.501594 #25015]  INFO -- : 0:  method_source (0.8.2) from /home/lxsameer/.rbenv/versions/2.1.0/lib/ruby/gems/2.1.0/specifications/method_source-0.8.2.gemspec
I, [2014-05-04T16:41:05.502024 #25015]  INFO -- : 0:  slop (3.5.0) from /home/lxsameer/.rbenv/versions/2.1.0/lib/ruby/gems/2.1.0/specifications/slop-3.5.0.gemspec
I, [2014-05-04T16:41:05.502415 #25015]  INFO -- : 0:  pry (0.9.12.6) from /home/lxsameer/.rbenv/versions/2.1.0/lib/ruby/gems/2.1.0/specifications/pry-0.9.12.6.gemspec
I, [2014-05-04T16:41:09.854396 #25015]  INFO -- : 0:  guard (1.8.3) from /home/lxsameer/.rbenv/versions/2.1.0/lib/ruby/gems/2.1.0/specifications/guard-1.8.3.gemspec
I, [2014-05-04T16:41:09.855285 #25015]  INFO -- : 0:  liquid (2.5.5) from /home/lxsameer/.rbenv/versions/2.1.0/lib/ruby/gems/2.1.0/specifications/liquid-2.5.5.gemspec
I, [2014-05-04T16:41:13.226434 #25015]  INFO -- : 0:  maruku (0.7.0) from /home/lxsameer/.rbenv/versions/2.1.0/lib/ruby/gems/2.1.0/specifications/maruku-0.7.0.gemspec
I, [2014-05-04T16:41:13.227377 #25015]  INFO -- : 0:  posix-spawn (0.3.8) from /home/lxsameer/.rbenv/versions/2.1.0/lib/ruby/gems/2.1.0/specifications/posix-spawn-0.3.8.gemspec
I, [2014-05-04T16:41:13.228063 #25015]  INFO -- : 0:  yajl-ruby (1.1.0) from /home/lxsameer/.rbenv/versions/2.1.0/lib/ruby/gems/2.1.0/specifications/yajl-ruby-1.1.0.gemspec
I, [2014-05-04T16:41:13.228718 #25015]  INFO -- : 0:  pygments.rb (0.5.4) from /home/lxsameer/.rbenv/versions/2.1.0/lib/ruby/gems/2.1.0/specifications/pygments.rb-0.5.4.gemspec
I, [2014-05-04T16:41:13.229378 #25015]  INFO -- : 0:  redcarpet (2.3.0) from /home/lxsameer/.rbenv/versions/2.1.0/lib/ruby/gems/2.1.0/specifications/redcarpet-2.3.0.gemspec
I, [2014-05-04T16:41:15.460264 #25015]  INFO -- : 0:  safe_yaml (1.0.3) from /home/lxsameer/.rbenv/versions/2.1.0/lib/ruby/gems/2.1.0/specifications/safe_yaml-1.0.3.gemspec
I, [2014-05-04T16:41:15.460919 #25015]  INFO -- : 0:  parslet (1.5.0) from /home/lxsameer/.rbenv/versions/2.1.0/lib/ruby/gems/2.1.0/specifications/parslet-1.5.0.gemspec
I, [2014-05-04T16:41:15.461291 #25015]  INFO -- : 0:  toml (0.1.1) from /home/lxsameer/.rbenv/versions/2.1.0/lib/ruby/gems/2.1.0/specifications/toml-0.1.1.gemspec
I, [2014-05-04T16:41:23.619224 #25015]  INFO -- : 0:  jekyll (1.5.1) from /home/lxsameer/.rbenv/versions/2.1.0/lib/ruby/gems/2.1.0/specifications/jekyll-1.5.1.gemspec
I, [2014-05-04T16:41:23.677018 #25015]  INFO -- : 0:  guard-jekyll-plus (1.4.10) from /home/lxsameer/.rbenv/versions/2.1.0/lib/ruby/gems/2.1.0/bundler/gems/guard-jekyll-plus-a847946d4611/guard-jekyll-plus.gemspec
I, [2014-05-04T16:41:25.948199 #25015]  INFO -- : 0:  multi_json (1.9.3) from /home/lxsameer/.rbenv/versions/2.1.0/lib/ruby/gems/2.1.0/specifications/multi_json-1.9.3.gemspec
I, [2014-05-04T16:41:28.605951 #25015]  INFO -- : 0:  guard-livereload (1.4.0) from /home/lxsameer/.rbenv/versions/2.1.0/lib/ruby/gems/2.1.0/specifications/guard-livereload-1.4.0.gemspec
I, [2014-05-04T16:41:28.606536 #25015]  INFO -- : 0:  hike (1.2.3) from /home/lxsameer/.rbenv/versions/2.1.0/lib/ruby/gems/2.1.0/specifications/hike-1.2.3.gemspec
I, [2014-05-04T16:41:28.606875 #25015]  INFO -- : 0:  rack (1.5.2) from /home/lxsameer/.rbenv/versions/2.1.0/lib/ruby/gems/2.1.0/specifications/rack-1.5.2.gemspec
I, [2014-05-04T16:41:28.607213 #25015]  INFO -- : 0:  tilt (1.4.1) from /home/lxsameer/.rbenv/versions/2.1.0/lib/ruby/gems/2.1.0/specifications/tilt-1.4.1.gemspec
I, [2014-05-04T16:41:31.112333 #25015]  INFO -- : 0:  sprockets (2.12.1) from /home/lxsameer/.rbenv/versions/2.1.0/lib/ruby/gems/2.1.0/specifications/sprockets-2.12.1.gemspec
I, [2014-05-04T16:41:33.795359 #25015]  INFO -- : 0:  jekyll-assets (0.7.7) from /home/lxsameer/.rbenv/versions/2.1.0/lib/ruby/gems/2.1.0/specifications/jekyll-assets-0.7.7.gemspec
I, [2014-05-04T16:41:33.795987 #25015]  INFO -- : 0:  puma (2.8.2) from /home/lxsameer/.rbenv/versions/2.1.0/lib/ruby/gems/2.1.0/specifications/puma-2.8.2.gemspec
I, [2014-05-04T16:41:33.796348 #25015]  INFO -- : 0:  rack-contrib (1.1.0) from /home/lxsameer/.rbenv/versions/2.1.0/lib/ruby/gems/2.1.0/specifications/rack-contrib-1.1.0.gemspec
I, [2014-05-04T16:41:33.796723 #25015]  INFO -- : 0:  rack-rewrite (1.5.0) from /home/lxsameer/.rbenv/versions/2.1.0/lib/ruby/gems/2.1.0/specifications/rack-rewrite-1.5.0.gemspec
I, [2014-05-04T16:41:33.797085 #25015]  INFO -- : 0:  yui-compressor (0.12.0) from /home/lxsameer/.rbenv/versions/2.1.0/lib/ruby/gems/2.1.0/specifications/yui-compressor-0.12.0.gemspec
I, [2014-05-04T16:41:33.797389 #25015]  INFO -- : 0:  bundler (1.5.1) from /home/lxsameer/.rbenv/versions/2.1.0/lib/ruby/gems/2.1.0/specifications/bundler-1.5.1.gemspec
I, [2014-05-04T16:55:36.145008 #27326]  INFO -- : 0:  rake (10.3.1) from /home/lxsameer/.rbenv/versions/2.1.0/lib/ruby/gems/2.1.0/specifications/rake-10.3.1.gemspec
I, [2014-05-04T16:55:36.145569 #27326]  INFO -- : 0:  blankslate (2.1.2.4) from /home/lxsameer/.rbenv/versions/2.1.0/lib/ruby/gems/2.1.0/specifications/blankslate-2.1.2.4.gemspec
I, [2014-05-04T16:55:36.146013 #27326]  INFO -- : 0:  chunky_png (1.3.1) from /home/lxsameer/.rbenv/versions/2.1.0/lib/ruby/gems/2.1.0/specifications/chunky_png-1.3.1.gemspec
I, [2014-05-04T16:55:36.146391 #27326]  INFO -- : 0:  fast-stemmer (1.0.2) from /home/lxsameer/.rbenv/versions/2.1.0/lib/ruby/gems/2.1.0/specifications/fast-stemmer-1.0.2.gemspec
I, [2014-05-04T16:55:36.146776 #27326]  INFO -- : 0:  classifier (1.3.4) from /home/lxsameer/.rbenv/versions/2.1.0/lib/ruby/gems/2.1.0/specifications/classifier-1.3.4.gemspec
I, [2014-05-04T16:55:36.147143 #27326]  INFO -- : 0:  coderay (1.1.0) from /home/lxsameer/.rbenv/versions/2.1.0/lib/ruby/gems/2.1.0/specifications/coderay-1.1.0.gemspec
I, [2014-05-04T16:55:36.147517 #27326]  INFO -- : 0:  colorator (0.1) from /home/lxsameer/.rbenv/versions/2.1.0/lib/ruby/gems/2.1.0/specifications/colorator-0.1.gemspec
I, [2014-05-04T16:55:36.147917 #27326]  INFO -- : 0:  highline (1.6.21) from /home/lxsameer/.rbenv/versions/2.1.0/lib/ruby/gems/2.1.0/specifications/highline-1.6.21.gemspec
I, [2014-05-04T16:55:36.148295 #27326]  INFO -- : 0:  commander (4.1.6) from /home/lxsameer/.rbenv/versions/2.1.0/lib/ruby/gems/2.1.0/specifications/commander-4.1.6.gemspec
I, [2014-05-04T16:55:36.148668 #27326]  INFO -- : 0:  fssm (0.2.10) from /home/lxsameer/.rbenv/versions/2.1.0/lib/ruby/gems/2.1.0/specifications/fssm-0.2.10.gemspec
I, [2014-05-04T16:55:36.149058 #27326]  INFO -- : 0:  sass (3.2.19) from /home/lxsameer/.rbenv/versions/2.1.0/lib/ruby/gems/2.1.0/specifications/sass-3.2.19.gemspec
I, [2014-05-04T16:55:36.149421 #27326]  INFO -- : 0:  compass (0.12.6) from /home/lxsameer/.rbenv/versions/2.1.0/lib/ruby/gems/2.1.0/specifications/compass-0.12.6.gemspec
I, [2014-05-04T16:55:36.149783 #27326]  INFO -- : 0:  eventmachine (1.0.3) from /home/lxsameer/.rbenv/versions/2.1.0/lib/ruby/gems/2.1.0/specifications/eventmachine-1.0.3.gemspec
I, [2014-05-04T16:55:36.150142 #27326]  INFO -- : 0:  http_parser.rb (0.6.0) from /home/lxsameer/.rbenv/versions/2.1.0/lib/ruby/gems/2.1.0/specifications/http_parser.rb-0.6.0.gemspec
I, [2014-05-04T16:55:36.150501 #27326]  INFO -- : 0:  em-websocket (0.5.1) from /home/lxsameer/.rbenv/versions/2.1.0/lib/ruby/gems/2.1.0/specifications/em-websocket-0.5.1.gemspec
I, [2014-05-04T16:55:36.151009 #27326]  INFO -- : 0:  execjs (2.0.2) from /home/lxsameer/.rbenv/versions/2.1.0/lib/ruby/gems/2.1.0/specifications/execjs-2.0.2.gemspec
I, [2014-05-04T16:55:36.151512 #27326]  INFO -- : 0:  ffi (1.9.3) from /home/lxsameer/.rbenv/versions/2.1.0/lib/ruby/gems/2.1.0/specifications/ffi-1.9.3.gemspec
I, [2014-05-04T16:55:36.152106 #27326]  INFO -- : 0:  formatador (0.2.4) from /home/lxsameer/.rbenv/versions/2.1.0/lib/ruby/gems/2.1.0/specifications/formatador-0.2.4.gemspec
I, [2014-05-04T16:55:36.152668 #27326]  INFO -- : 0:  thor (0.19.1) from /home/lxsameer/.rbenv/versions/2.1.0/lib/ruby/gems/2.1.0/specifications/thor-0.19.1.gemspec
I, [2014-05-04T16:55:36.153217 #27326]  INFO -- : 0:  foundation (1.0.4) from /home/lxsameer/.rbenv/versions/2.1.0/lib/ruby/gems/2.1.0/specifications/foundation-1.0.4.gemspec
I, [2014-05-04T16:55:36.153755 #27326]  INFO -- : 0:  rb-fsevent (0.9.4) from /home/lxsameer/.rbenv/versions/2.1.0/lib/ruby/gems/2.1.0/specifications/rb-fsevent-0.9.4.gemspec
I, [2014-05-04T16:55:36.156163 #27326]  INFO -- : 0:  rb-inotify (0.9.4) from /home/lxsameer/.rbenv/versions/2.1.0/lib/ruby/gems/2.1.0/specifications/rb-inotify-0.9.4.gemspec
I, [2014-05-04T16:55:36.156518 #27326]  INFO -- : 0:  rb-kqueue (0.2.2) from /home/lxsameer/.rbenv/versions/2.1.0/lib/ruby/gems/2.1.0/specifications/rb-kqueue-0.2.2.gemspec
I, [2014-05-04T16:55:36.156888 #27326]  INFO -- : 0:  listen (1.3.1) from /home/lxsameer/.rbenv/versions/2.1.0/lib/ruby/gems/2.1.0/specifications/listen-1.3.1.gemspec
I, [2014-05-04T16:55:36.157208 #27326]  INFO -- : 0:  lumberjack (1.0.5) from /home/lxsameer/.rbenv/versions/2.1.0/lib/ruby/gems/2.1.0/specifications/lumberjack-1.0.5.gemspec
I, [2014-05-04T16:55:36.157555 #27326]  INFO -- : 0:  method_source (0.8.2) from /home/lxsameer/.rbenv/versions/2.1.0/lib/ruby/gems/2.1.0/specifications/method_source-0.8.2.gemspec
I, [2014-05-04T16:55:36.157886 #27326]  INFO -- : 0:  slop (3.5.0) from /home/lxsameer/.rbenv/versions/2.1.0/lib/ruby/gems/2.1.0/specifications/slop-3.5.0.gemspec
I, [2014-05-04T16:55:36.158252 #27326]  INFO -- : 0:  pry (0.9.12.6) from /home/lxsameer/.rbenv/versions/2.1.0/lib/ruby/gems/2.1.0/specifications/pry-0.9.12.6.gemspec
I, [2014-05-04T16:55:36.158577 #27326]  INFO -- : 0:  guard (1.8.3) from /home/lxsameer/.rbenv/versions/2.1.0/lib/ruby/gems/2.1.0/specifications/guard-1.8.3.gemspec
I, [2014-05-04T16:55:36.158909 #27326]  INFO -- : 0:  liquid (2.5.5) from /home/lxsameer/.rbenv/versions/2.1.0/lib/ruby/gems/2.1.0/specifications/liquid-2.5.5.gemspec
I, [2014-05-04T16:55:36.159231 #27326]  INFO -- : 0:  maruku (0.7.0) from /home/lxsameer/.rbenv/versions/2.1.0/lib/ruby/gems/2.1.0/specifications/maruku-0.7.0.gemspec
I, [2014-05-04T16:55:36.159547 #27326]  INFO -- : 0:  posix-spawn (0.3.8) from /home/lxsameer/.rbenv/versions/2.1.0/lib/ruby/gems/2.1.0/specifications/posix-spawn-0.3.8.gemspec
I, [2014-05-04T16:55:36.160000 #27326]  INFO -- : 0:  yajl-ruby (1.1.0) from /home/lxsameer/.rbenv/versions/2.1.0/lib/ruby/gems/2.1.0/specifications/yajl-ruby-1.1.0.gemspec
I, [2014-05-04T16:55:36.160476 #27326]  INFO -- : 0:  pygments.rb (0.5.4) from /home/lxsameer/.rbenv/versions/2.1.0/lib/ruby/gems/2.1.0/specifications/pygments.rb-0.5.4.gemspec
I, [2014-05-04T16:55:36.161102 #27326]  INFO -- : 0:  redcarpet (2.3.0) from /home/lxsameer/.rbenv/versions/2.1.0/lib/ruby/gems/2.1.0/specifications/redcarpet-2.3.0.gemspec
I, [2014-05-04T16:55:36.161749 #27326]  INFO -- : 0:  safe_yaml (1.0.3) from /home/lxsameer/.rbenv/versions/2.1.0/lib/ruby/gems/2.1.0/specifications/safe_yaml-1.0.3.gemspec
I, [2014-05-04T16:55:36.162339 #27326]  INFO -- : 0:  parslet (1.5.0) from /home/lxsameer/.rbenv/versions/2.1.0/lib/ruby/gems/2.1.0/specifications/parslet-1.5.0.gemspec
I, [2014-05-04T16:55:36.162867 #27326]  INFO -- : 0:  toml (0.1.1) from /home/lxsameer/.rbenv/versions/2.1.0/lib/ruby/gems/2.1.0/specifications/toml-0.1.1.gemspec
I, [2014-05-04T16:55:36.163247 #27326]  INFO -- : 0:  jekyll (1.5.1) from /home/lxsameer/.rbenv/versions/2.1.0/lib/ruby/gems/2.1.0/specifications/jekyll-1.5.1.gemspec
I, [2014-05-04T16:55:36.289562 #27326]  INFO -- : 0:  guard-jekyll-plus (1.4.10) from /home/lxsameer/.rbenv/versions/2.1.0/lib/ruby/gems/2.1.0/bundler/gems/guard-jekyll-plus-a847946d4611/guard-jekyll-plus.gemspec
I, [2014-05-04T16:55:36.290257 #27326]  INFO -- : 0:  multi_json (1.9.3) from /home/lxsameer/.rbenv/versions/2.1.0/lib/ruby/gems/2.1.0/specifications/multi_json-1.9.3.gemspec
I, [2014-05-04T16:55:36.290594 #27326]  INFO -- : 0:  guard-livereload (1.4.0) from /home/lxsameer/.rbenv/versions/2.1.0/lib/ruby/gems/2.1.0/specifications/guard-livereload-1.4.0.gemspec
I, [2014-05-04T16:55:36.290933 #27326]  INFO -- : 0:  hike (1.2.3) from /home/lxsameer/.rbenv/versions/2.1.0/lib/ruby/gems/2.1.0/specifications/hike-1.2.3.gemspec
I, [2014-05-04T16:55:36.291260 #27326]  INFO -- : 0:  rack (1.5.2) from /home/lxsameer/.rbenv/versions/2.1.0/lib/ruby/gems/2.1.0/specifications/rack-1.5.2.gemspec
I, [2014-05-04T16:55:36.291628 #27326]  INFO -- : 0:  tilt (1.4.1) from /home/lxsameer/.rbenv/versions/2.1.0/lib/ruby/gems/2.1.0/specifications/tilt-1.4.1.gemspec
I, [2014-05-04T16:55:36.292018 #27326]  INFO -- : 0:  sprockets (2.12.1) from /home/lxsameer/.rbenv/versions/2.1.0/lib/ruby/gems/2.1.0/specifications/sprockets-2.12.1.gemspec
I, [2014-05-04T16:55:36.292327 #27326]  INFO -- : 0:  jekyll-assets (0.7.7) from /home/lxsameer/.rbenv/versions/2.1.0/lib/ruby/gems/2.1.0/specifications/jekyll-assets-0.7.7.gemspec
I, [2014-05-04T16:55:36.292636 #27326]  INFO -- : 0:  json (1.8.1) from /home/lxsameer/.rbenv/versions/2.1.0/lib/ruby/gems/2.1.0/specifications/default/json-1.8.1.gemspec
I, [2014-05-04T16:55:36.293013 #27326]  INFO -- : 0:  puma (2.8.2) from /home/lxsameer/.rbenv/versions/2.1.0/lib/ruby/gems/2.1.0/specifications/puma-2.8.2.gemspec
I, [2014-05-04T16:55:36.293324 #27326]  INFO -- : 0:  rack-contrib (1.1.0) from /home/lxsameer/.rbenv/versions/2.1.0/lib/ruby/gems/2.1.0/specifications/rack-contrib-1.1.0.gemspec
I, [2014-05-04T16:55:36.293635 #27326]  INFO -- : 0:  rack-rewrite (1.5.0) from /home/lxsameer/.rbenv/versions/2.1.0/lib/ruby/gems/2.1.0/specifications/rack-rewrite-1.5.0.gemspec
I, [2014-05-04T16:55:36.294005 #27326]  INFO -- : 0:  uglifier (2.5.0) from /home/lxsameer/.rbenv/versions/2.1.0/lib/ruby/gems/2.1.0/specifications/uglifier-2.5.0.gemspec
I, [2014-05-04T16:55:36.294349 #27326]  INFO -- : 0:  bundler (1.5.1) from /home/lxsameer/.rbenv/versions/2.1.0/lib/ruby/gems/2.1.0/specifications/bundler-1.5.1.gemspec
